2025-11-12 17:33:23 Login failed for: admin
2025-11-12 17:33:31 Login failed for: admin
2025-11-12 17:33:38 Login failed for: tejas
2025-11-12 17:34:54 Login failed for: goldy
2025-11-12 17:35:49 Login failed for: piyush
2025-11-12 17:36:00 Login failed for: admin
2025-11-12 17:36:10 Login failed for: piyush
2025-11-12 17:36:13 Login failed for: goldy
2025-11-12 17:38:31 Login failed for: piyush
2025-11-12 17:39:11 Login success: admin
2025-11-12 17:39:14 Admin synced tejas_database → main_database
2025-11-12 17:39:23 Admin synced main → tejas_database
2025-11-12 17:39:35 Login success: goldy
2025-11-12 17:39:39 Login success: piyush
2025-11-12 17:39:41 Login success: goldy
2025-11-12 17:40:06 User goldy synced main → goldy_database
2025-11-12 17:40:07 User piyush synced main → piyush_database
2025-11-12 17:40:11 User goldy synced main → goldy_database
2025-11-12 17:40:39 User goldy synced main → goldy_database
2025-11-12 17:41:03 User goldy synced main → goldy_database
2025-11-12 17:41:03 User goldy synced main → goldy_database
2025-11-12 17:41:04 User goldy synced main → goldy_database
2025-11-12 17:41:06 User goldy synced main → goldy_database
2025-11-12 17:41:06 User goldy synced main → goldy_database
2025-11-12 17:41:35 User goldy synced main → goldy_database
2025-11-12 17:42:32 User piyush synced main → piyush_database
2025-11-12 17:42:33 User piyush synced main → piyush_database
2025-11-12 17:42:36 User piyush synced main → piyush_database
